<?xml version="1.0" encoding="UTF-8"?>
<!-- Generated by org.testng.reporters.JUnitReportReporter -->
<testsuite hostname="vasu-PC" name="com.selenium.testng.BeforeTestAndAftertest" tests="1" failures="0" timestamp="13 May 2020 16:03:09 GMT" time="3.761" errors="0">
  <testcase name="appLogin" time="3.761" classname="com.selenium.testng.BeforeTestAndAftertest"/>
</testsuite> <!-- com.selenium.testng.BeforeTestAndAftertest -->
