<?xml version="1.0" encoding="UTF-8"?>
<!-- Generated by org.testng.reporters.JUnitReportReporter -->
<testsuite hostname="vasu-PC" name="com.selenium.testng.AnnotationsTest" tests="2" failures="0" timestamp="13 May 2020 16:05:32 GMT" time="0.019" errors="0">
  <testcase name="method2" time="0.004" classname="com.selenium.testng.AnnotationsTest"/>
  <testcase name="method1" time="0.015" classname="com.selenium.testng.AnnotationsTest"/>
</testsuite> <!-- com.selenium.testng.AnnotationsTest -->
