<?xml version="1.0" encoding="UTF-8"?>
<!-- Generated by org.testng.reporters.JUnitReportReporter -->
<testsuite hostname="vasu-PC" name="com.selenium.testng.AdminLoginTest" tests="1" failures="0" timestamp="13 May 2020 16:05:32 GMT" time="19.439" errors="0">
  <testcase name="adminLogin" time="19.439" classname="com.selenium.testng.AdminLoginTest"/>
</testsuite> <!-- com.selenium.testng.AdminLoginTest -->
