<?xml version="1.0" encoding="UTF-8"?>
<!-- Generated by org.testng.reporters.JUnitReportReporter -->
<testsuite hostname="vasu-PC" name="com.selenium.testng.EmpAdd" tests="2" failures="0" timestamp="14 May 2020 16:05:36 GMT" time="42.976" errors="0">
  <testcase name="empAdd" time="22.205" classname="com.selenium.testng.EmpAdd"/>
  <testcase name="empAdd" time="20.771" classname="com.selenium.testng.EmpAdd"/>
</testsuite> <!-- com.selenium.testng.EmpAdd -->
