<?xml version="1.0" encoding="UTF-8"?>
<!-- Generated by org.testng.reporters.JUnitReportReporter -->
<testsuite hostname="vasu-PC" name="com.selenium.testng.ParameterizationTest" tests="1" failures="0" timestamp="14 May 2020 15:49:09 GMT" time="20.402" errors="0">
  <testcase name="adminLogin" time="20.402" classname="com.selenium.testng.ParameterizationTest"/>
</testsuite> <!-- com.selenium.testng.ParameterizationTest -->
