<?xml version="1.0" encoding="UTF-8"?>
<!-- Generated by org.testng.reporters.JUnitReportReporter -->
<testsuite hostname="vasu-PC" name="com.selenium.excel.keywordriven" tests="1" failures="0" timestamp="2 Jun 2020 16:13:56 GMT" time="88.660" errors="0">
  <testcase name="keywordprg" time="88.660" classname="com.selenium.excel.keywordriven"/>
</testsuite> <!-- com.selenium.excel.keywordriven -->
