<?xml version="1.0" encoding="UTF-8"?>
<!-- Generated by org.testng.reporters.JUnitReportReporter -->
<testsuite hostname="vasu-PC" name="com.selenium.grid.Grid" tests="2" failures="0" timestamp="26 May 2020 16:12:28 GMT" time="33.190" errors="0">
  <testcase name="dropdownTest" time="14.232" classname="com.selenium.grid.Grid"/>
  <testcase name="dropdownTest" time="18.958" classname="com.selenium.grid.Grid"/>
</testsuite> <!-- com.selenium.grid.Grid -->
