<?xml version="1.0" encoding="UTF-8"?>
<!-- Generated by org.testng.reporters.JUnitReportReporter -->
<testsuite hostname="vasu-PC" name="com.selenium.testng.MultipleTestNgTest" tests="4" failures="0" timestamp="13 May 2020 16:05:32 GMT" time="0.007" errors="0">
  <testcase name="appLogin" time="0.001" classname="com.selenium.testng.MultipleTestNgTest"/>
  <testcase name="appClose" time="0.002" classname="com.selenium.testng.MultipleTestNgTest"/>
  <testcase name="appLaunch" time="0.002" classname="com.selenium.testng.MultipleTestNgTest"/>
  <testcase name="appLogout" time="0.002" classname="com.selenium.testng.MultipleTestNgTest"/>
</testsuite> <!-- com.selenium.testng.MultipleTestNgTest -->
