<?xml version="1.0" encoding="UTF-8"?>
<!-- Generated by org.testng.reporters.JUnitReportReporter -->
<testsuite hostname="vasu-PC" name="com.selenium.testng.ValidationTest" tests="1" failures="0" timestamp="14 May 2020 15:38:14 GMT" time="0.038" errors="0">
  <testcase name="validation" time="0.038" classname="com.selenium.testng.ValidationTest"/>
</testsuite> <!-- com.selenium.testng.ValidationTest -->
